2022-05-27 15:57:54.159 [main] INFO  c.a.q.QuestionnairewebadminApplication -Starting QuestionnairewebadminApplication v0.0.1-SNAPSHOT on LAPTOP-F7M2D89J with PID 6852 (D:\university\计算机综合实训I\实训1\anwserQuestionnaire\target\questionnairewebadmin-0.0.1-SNAPSHOT.jar started by dandelion in D:\university\计算机综合实训I\实训1\anwserQuestionnaire\target)
2022-05-27 15:57:54.159 [main] INFO  c.a.q.QuestionnairewebadminApplication -The following profiles are active: dev
2022-05-27 15:57:54.285 [main] INFO  o.s.b.w.s.c.AnnotationConfigServletWebServerApplicationContext -Refreshing org.springframework.boot.web.servlet.context.AnnotationConfigServletWebServerApplicationContext@57829d67: startup date [Fri May 27 15:57:54 CST 2022]; root of context hierarchy
2022-05-27 15:57:54.929 [main] INFO  o.s.d.r.c.RepositoryConfigurationDelegate -Multiple Spring Data modules found, entering strict repository configuration mode!
2022-05-27 15:57:55.510 [main] INFO  o.s.c.s.PostProcessorRegistrationDelegate$BeanPostProcessorChecker -Bean 'org.springframework.transaction.annotation.ProxyTransactionManagementConfiguration' of type [org.springframework.transaction.annotation.ProxyTransactionManagementConfiguration$$EnhancerBySpringCGLIB$$216ef4eb] is not eligible for getting processed by all BeanPostProcessors (for example: not eligible for auto-proxying)
2022-05-27 15:57:56.529 [main] INFO  o.s.b.w.e.tomcat.TomcatWebServer -Tomcat initialized with port(s): 8085 (http)
2022-05-27 15:57:56.544 [main] INFO  o.a.coyote.http11.Http11NioProtocol -Initializing ProtocolHandler ["http-nio-8085"]
2022-05-27 15:57:56.560 [main] INFO  o.a.catalina.core.StandardService -Starting service [Tomcat]
2022-05-27 15:57:56.560 [main] INFO  o.a.catalina.core.StandardEngine -Starting Servlet Engine: Apache Tomcat/8.5.32
2022-05-27 15:57:56.575 [localhost-startStop-1] INFO  o.a.c.core.AprLifecycleListener -The APR based Apache Tomcat Native library which allows optimal performance in production environments was not found on the java.library.path: [C:\Program Files (x86)\Common Files\Oracle\Java\javapath;C:\Windows\Sun\Java\bin;C:\Windows\system32;C:\Windows;D:\Workstation\bin\;C:\Program Files (x86)\Common Files\Oracle\Java\javapath;C:\Windows\system32;C:\Windows;C:\Windows\System32\Wbem;C:\Windows\System32\WindowsPowerShell\v1.0\;C:\Windows\System32\OpenSSH\;C:\Program Files\Microsoft SQL Server\130\Tools\Binn\;D:\bin;D:\HP\LoadRunner\strawberry-perl\perl\bin;C:\Program Files\MAVEN\apache-maven-3.3.9\bin;D:\MySql\mysql-5.7.38-winx64\bin;"C:\Users\dandelion\AppData\Local\Microsoft\WindowsApps;C:\Program Files\Java\jdk1.8.0_172;D:\Tomcat\apache-tomcat-9.0.54-windows-x64\apache-tomcat-9.0.54\lib;D:\Tomcat\apache-tomcat-9.0.54-windows-x64\apache-tomcat-9.0.54\bin";C:\Program Files\Java\jdk1.8.0_172;D:\IntelliJ IDEA Community Edition 2022.1.1\bin;.]
2022-05-27 15:57:56.670 [localhost-startStop-1] INFO  o.a.c.c.C.[Tomcat].[localhost].[/] -Initializing Spring embedded WebApplicationContext
2022-05-27 15:57:56.670 [localhost-startStop-1] INFO  o.s.web.context.ContextLoader -Root WebApplicationContext: initialization completed in 2385 ms
2022-05-27 15:57:56.795 [localhost-startStop-1] INFO  o.s.b.w.s.ServletRegistrationBean -Servlet dispatcherServlet mapped to [/]
2022-05-27 15:57:56.795 [localhost-startStop-1] INFO  o.s.b.w.s.FilterRegistrationBean -Mapping filter: 'characterEncodingFilter' to: [/*]
2022-05-27 15:57:56.795 [localhost-startStop-1] INFO  o.s.b.w.s.FilterRegistrationBean -Mapping filter: 'hiddenHttpMethodFilter' to: [/*]
2022-05-27 15:57:56.801 [localhost-startStop-1] INFO  o.s.b.w.s.FilterRegistrationBean -Mapping filter: 'httpPutFormContentFilter' to: [/*]
2022-05-27 15:57:56.801 [localhost-startStop-1] INFO  o.s.b.w.s.FilterRegistrationBean -Mapping filter: 'requestContextFilter' to: [/*]
2022-05-27 15:57:56.801 [localhost-startStop-1] INFO  o.s.b.w.s.FilterRegistrationBean -Mapping filter: 'corsFilter' to: [/*]
2022-05-27 15:57:57.641 [main] INFO  o.s.w.s.h.SimpleUrlHandlerMapping -Mapped URL path [/**/favicon.ico] onto handler of type [class org.springframework.web.servlet.resource.ResourceHttpRequestHandler]
2022-05-27 15:57:58.002 [main] INFO  o.s.w.s.m.m.a.RequestMappingHandlerAdapter -Looking for @ControllerAdvice: org.springframework.boot.web.servlet.context.AnnotationConfigServletWebServerApplicationContext@57829d67: startup date [Fri May 27 15:57:54 CST 2022]; root of context hierarchy
2022-05-27 15:57:58.080 [main] INFO  o.s.w.s.m.m.a.RequestMappingHandlerMapping -Mapped "{[/queryProjectList],methods=[POST],produces=[application/json]}" onto public com.aim.questionnaire.beans.HttpResponseEntity com.aim.questionnaire.controller.ProjectController.queryProjectList(com.aim.questionnaire.dao.entity.ProjectEntity)
2022-05-27 15:57:58.080 [main] INFO  o.s.w.s.m.m.a.RequestMappingHandlerMapping -Mapped "{[/addProjectInfo],methods=[POST],produces=[application/json]}" onto public com.aim.questionnaire.beans.HttpResponseEntity com.aim.questionnaire.controller.ProjectController.addProjectInfo(com.aim.questionnaire.dao.entity.ProjectEntity)
2022-05-27 15:57:58.080 [main] INFO  o.s.w.s.m.m.a.RequestMappingHandlerMapping -Mapped "{[/modifyProjectInfo],methods=[POST],produces=[application/json]}" onto public com.aim.questionnaire.beans.HttpResponseEntity com.aim.questionnaire.controller.ProjectController.modifyProjectInfo(com.aim.questionnaire.dao.entity.ProjectEntity)
2022-05-27 15:57:58.080 [main] INFO  o.s.w.s.m.m.a.RequestMappingHandlerMapping -Mapped "{[/deleteProjectById],methods=[POST],produces=[application/json]}" onto public com.aim.questionnaire.beans.HttpResponseEntity com.aim.questionnaire.controller.ProjectController.deleteProjectById(com.aim.questionnaire.dao.entity.ProjectEntity)
2022-05-27 15:57:58.080 [main] INFO  o.s.w.s.m.m.a.RequestMappingHandlerMapping -Mapped "{[/queryAllProjectName],methods=[POST],produces=[application/json]}" onto public com.aim.questionnaire.beans.HttpResponseEntity com.aim.questionnaire.controller.ProjectController.queryAllProjectName()
2022-05-27 15:57:58.096 [main] INFO  o.s.w.s.m.m.a.RequestMappingHandlerMapping -Mapped "{[/admin/modifyRoleStatus],methods=[POST],produces=[application/json]}" onto public com.aim.questionnaire.beans.HttpResponseEntity com.aim.questionnaire.controller.UserRoleController.modifyRoleStatus(java.util.Map<java.lang.String, java.lang.Object>)
2022-05-27 15:57:58.096 [main] INFO  o.s.w.s.m.m.a.RequestMappingHandlerMapping -Mapped "{[/admin/modifyRoleInfo],methods=[POST],produces=[application/json]}" onto public com.aim.questionnaire.beans.HttpResponseEntity com.aim.questionnaire.controller.UserRoleController.modifyRoleInfo(java.util.Map<java.lang.String, java.lang.Object>)
2022-05-27 15:57:58.096 [main] INFO  o.s.w.s.m.m.a.RequestMappingHandlerMapping -Mapped "{[/admin/queryRoleInfo],methods=[POST],produces=[application/json]}" onto public com.aim.questionnaire.beans.HttpResponseEntity com.aim.questionnaire.controller.UserRoleController.queryUserList()
2022-05-27 15:57:58.096 [main] INFO  o.s.w.s.m.m.a.RequestMappingHandlerMapping -Mapped "{[/admin/addRoleInfo],methods=[POST],produces=[application/json]}" onto public com.aim.questionnaire.beans.HttpResponseEntity com.aim.questionnaire.controller.UserRoleController.addRoleInfo(java.util.Map<java.lang.String, java.lang.Object>)
2022-05-27 15:57:58.096 [main] INFO  o.s.w.s.m.m.a.RequestMappingHandlerMapping -Mapped "{[/admin/queryAllRoleInfo],methods=[POST],produces=[application/json]}" onto public com.aim.questionnaire.beans.HttpResponseEntity com.aim.questionnaire.controller.UserRoleController.queryAllRoleInfo(java.util.Map<java.lang.String, java.lang.Object>)
2022-05-27 15:57:58.096 [main] INFO  o.s.w.s.m.m.a.RequestMappingHandlerMapping -Mapped "{[/admin/deleteRoleInfo],methods=[POST],produces=[application/json]}" onto public com.aim.questionnaire.beans.HttpResponseEntity com.aim.questionnaire.controller.UserRoleController.deleteRoleInfo(java.util.Map<java.lang.String, java.lang.Object>)
2022-05-27 15:57:58.096 [main] INFO  o.s.w.s.m.m.a.RequestMappingHandlerMapping -Mapped "{[/admin/queryRolePermissionList],methods=[POST],produces=[application/json]}" onto public com.aim.questionnaire.beans.HttpResponseEntity com.aim.questionnaire.controller.UserRoleController.queryRolePermissionList(java.util.Map<java.lang.String, java.lang.Object>)
2022-05-27 15:57:58.096 [main] INFO  o.s.w.s.m.m.a.RequestMappingHandlerMapping -Mapped "{[/admin/queryUserList],methods=[POST],produces=[application/json]}" onto public com.aim.questionnaire.beans.HttpResponseEntity com.aim.questionnaire.controller.UserController.queryUserList(java.util.Map<java.lang.String, java.lang.Object>)
2022-05-27 15:57:58.096 [main] INFO  o.s.w.s.m.m.a.RequestMappingHandlerMapping -Mapped "{[/admin/modifyUserInfo],methods=[POST],produces=[application/json]}" onto public com.aim.questionnaire.beans.HttpResponseEntity com.aim.questionnaire.controller.UserController.modifyUserInfo(java.util.Map<java.lang.String, java.lang.Object>)
2022-05-27 15:57:58.096 [main] INFO  o.s.w.s.m.m.a.RequestMappingHandlerMapping -Mapped "{[/admin/userLogin],methods=[POST],produces=[application/json]}" onto public com.aim.questionnaire.beans.HttpResponseEntity com.aim.questionnaire.controller.UserController.userLogin(com.aim.questionnaire.dao.entity.UserEntity)
2022-05-27 15:57:58.096 [main] INFO  o.s.w.s.m.m.a.RequestMappingHandlerMapping -Mapped "{[/admin/modifyUserStatus],methods=[POST],produces=[application/json]}" onto public com.aim.questionnaire.beans.HttpResponseEntity com.aim.questionnaire.controller.UserController.modifyUserStatus(java.util.Map<java.lang.String, java.lang.Object>)
2022-05-27 15:57:58.096 [main] INFO  o.s.w.s.m.m.a.RequestMappingHandlerMapping -Mapped "{[/admin/error]}" onto public com.aim.questionnaire.beans.HttpResponseEntity com.aim.questionnaire.controller.UserController.logout()
2022-05-27 15:57:58.096 [main] INFO  o.s.w.s.m.m.a.RequestMappingHandlerMapping -Mapped "{[/admin/addUserInfo],methods=[POST],produces=[application/json]}" onto public com.aim.questionnaire.beans.HttpResponseEntity com.aim.questionnaire.controller.UserController.addUserInfo(java.util.Map<java.lang.String, java.lang.Object>)
2022-05-27 15:57:58.096 [main] INFO  o.s.w.s.m.m.a.RequestMappingHandlerMapping -Mapped "{[/admin/deleteUserInfoById],methods=[POST],produces=[application/json]}" onto public com.aim.questionnaire.beans.HttpResponseEntity com.aim.questionnaire.controller.UserController.deteleUserInfoById(com.aim.questionnaire.dao.entity.UserEntity)
2022-05-27 15:57:58.096 [main] INFO  o.s.w.s.m.m.a.RequestMappingHandlerMapping -Mapped "{[/admin/selectUserInfoById],methods=[POST],produces=[application/json]}" onto public com.aim.questionnaire.beans.HttpResponseEntity com.aim.questionnaire.controller.UserController.selectUserInfoById(com.aim.questionnaire.dao.entity.UserEntity)
2022-05-27 15:57:58.112 [main] INFO  o.s.w.s.m.m.a.RequestMappingHandlerMapping -Mapped "{[/error]}" onto public org.springframework.http.ResponseEntity<java.util.Map<java.lang.String, java.lang.Object>> org.springframework.boot.autoconfigure.web.servlet.error.BasicErrorController.error(javax.servlet.http.HttpServletRequest)
2022-05-27 15:57:58.116 [main] INFO  o.s.w.s.m.m.a.RequestMappingHandlerMapping -Mapped "{[/error],produces=[text/html]}" onto public org.springframework.web.servlet.ModelAndView org.springframework.boot.autoconfigure.web.servlet.error.BasicErrorController.errorHtml(javax.servlet.http.HttpServletRequest,javax.servlet.http.HttpServletResponse)
2022-05-27 15:57:58.159 [main] INFO  o.s.w.s.h.SimpleUrlHandlerMapping -Mapped URL path [/webjars/**] onto handler of type [class org.springframework.web.servlet.resource.ResourceHttpRequestHandler]
2022-05-27 15:57:58.159 [main] INFO  o.s.w.s.h.SimpleUrlHandlerMapping -Mapped URL path [/**] onto handler of type [class org.springframework.web.servlet.resource.ResourceHttpRequestHandler]
2022-05-27 15:57:58.980 [main] INFO  o.s.j.e.a.AnnotationMBeanExporter -Registering beans for JMX exposure on startup
2022-05-27 15:57:58.980 [main] INFO  o.s.j.e.a.AnnotationMBeanExporter -Bean with name 'dataSource' has been autodetected for JMX exposure
2022-05-27 15:57:58.980 [main] INFO  o.s.j.e.a.AnnotationMBeanExporter -Located MBean 'dataSource': registering with JMX server as MBean [com.zaxxer.hikari:name=dataSource,type=HikariDataSource]
2022-05-27 15:57:58.996 [main] INFO  o.a.coyote.http11.Http11NioProtocol -Starting ProtocolHandler ["http-nio-8085"]
2022-05-27 15:57:59.027 [main] INFO  o.a.coyote.http11.Http11NioProtocol -Pausing ProtocolHandler ["http-nio-8085"]
2022-05-27 15:57:59.027 [main] INFO  o.a.catalina.core.StandardService -Stopping service [Tomcat]
2022-05-27 15:57:59.043 [main] INFO  o.apache.catalina.util.LifecycleBase -The stop() method was called on component [StandardServer[-1]] after stop() had already been called. The second call will be ignored.
2022-05-27 15:57:59.043 [main] INFO  o.a.coyote.http11.Http11NioProtocol -Stopping ProtocolHandler ["http-nio-8085"]
2022-05-27 15:57:59.043 [main] INFO  o.a.coyote.http11.Http11NioProtocol -Destroying ProtocolHandler ["http-nio-8085"]
2022-05-27 15:57:59.043 [main] INFO  o.s.b.a.l.ConditionEvaluationReportLoggingListener -

Error starting ApplicationContext. To display the conditions report re-run your application with 'debug' enabled.
2022-05-27 15:57:59.059 [main] INFO  o.s.b.w.s.c.AnnotationConfigServletWebServerApplicationContext -Closing org.springframework.boot.web.servlet.context.AnnotationConfigServletWebServerApplicationContext@57829d67: startup date [Fri May 27 15:57:54 CST 2022]; root of context hierarchy
2022-05-27 15:57:59.074 [main] INFO  o.s.j.e.a.AnnotationMBeanExporter -Unregistering JMX-exposed beans on shutdown
2022-05-27 15:57:59.074 [main] INFO  o.s.j.e.a.AnnotationMBeanExporter -Unregistering JMX-exposed beans
